<?xml version="1.0" encoding="UTF-8"?>
<!-- Generated by org.testng.reporters.JUnitReportReporter -->
<testsuite skipped="0" hostname="LAPTOP-OL3GGV0J" name="com.restassured.googleAPI.Basics3Test" tests="1" failures="0" timestamp="28 Apr 2019 12:32:57 GMT" time="3.296" errors="0">
  <testcase name="AddandDeletePlace" time="3.296" classname="com.restassured.googleAPI.Basics3Test"/>
</testsuite> <!-- com.restassured.googleAPI.Basics3Test -->
