<?xml version="1.0" encoding="UTF-8"?>
<!-- Generated by org.testng.reporters.JUnitReportReporter -->
<testsuite skipped="0" hostname="LAPTOP-OL3GGV0J" name="com.restassured.googleAPI.BasicsTest" tests="1" failures="0" timestamp="28 Apr 2019 12:33:26 GMT" time="4.319" errors="0">
  <testcase name="TestApi" time="4.319" classname="com.restassured.googleAPI.BasicsTest"/>
</testsuite> <!-- com.restassured.googleAPI.BasicsTest -->
