<?xml version="1.0" encoding="UTF-8"?>
<!-- Generated by org.testng.reporters.JUnitReportReporter -->
<testsuite skipped="0" hostname="LAPTOP-OL3GGV0J" name="com.restassured.googleAPI.Basics2Test" tests="1" failures="0" timestamp="28 Apr 2019 12:32:08 GMT" time="5.248" errors="0">
  <testcase name="postData" time="5.248" classname="com.restassured.googleAPI.Basics2Test"/>
</testsuite> <!-- com.restassured.googleAPI.Basics2Test -->
